2025-02-05 10:31:57,505 [Worker-3: Loading available Gradle versions] INFO  o.e.b.c.i.u.g.PublishedGradleVersions - Gradle version information cache is not available. Remote download required.
2025-02-05 11:09:05,544 [Worker-19: Launching mavenrun-1bfe742a-390d-4cfb-9aa2-64fe46da9596] INFO  o.eclipse.m2e.core.internal.Bundles - getClasspathEntries(Bundle=org.eclipse.m2e.maven.runtime_3.9.900.20240824-1409 [641])
2025-02-05 11:09:05,549 [Worker-19: Launching mavenrun-1bfe742a-390d-4cfb-9aa2-64fe46da9596] INFO  o.eclipse.m2e.core.internal.Bundles - 	Entry: C:\Users\selva.balaji\Downloads\eclipse-jee-2024-12-R-win32-x86_64\eclipse\plugins\org.eclipse.m2e.maven.runtime_3.9.900.20240824-1409
2025-02-05 11:09:05,549 [Worker-19: Launching mavenrun-1bfe742a-390d-4cfb-9aa2-64fe46da9596] INFO  o.eclipse.m2e.core.internal.Bundles - 	Entry: C:\Users\selva.balaji\Downloads\eclipse-jee-2024-12-R-win32-x86_64\eclipse\plugins\org.eclipse.m2e.maven.runtime_3.9.900.20240824-1409\jars\aopalliance-1.0.jar
2025-02-05 11:09:05,550 [Worker-19: Launching mavenrun-1bfe742a-390d-4cfb-9aa2-64fe46da9596] INFO  o.eclipse.m2e.core.internal.Bundles - 	Entry: C:\Users\selva.balaji\Downloads\eclipse-jee-2024-12-R-win32-x86_64\eclipse\plugins\org.eclipse.m2e.maven.runtime_3.9.900.20240824-1409\jars\guice-5.1.0.jar
2025-02-05 11:09:05,550 [Worker-19: Launching mavenrun-1bfe742a-390d-4cfb-9aa2-64fe46da9596] INFO  o.eclipse.m2e.core.internal.Bundles - 	Entry: C:\Users\selva.balaji\Downloads\eclipse-jee-2024-12-R-win32-x86_64\eclipse\plugins\org.eclipse.m2e.maven.runtime_3.9.900.20240824-1409\jars\httpclient-4.5.14.jar
2025-02-05 11:09:05,551 [Worker-19: Launching mavenrun-1bfe742a-390d-4cfb-9aa2-64fe46da9596] INFO  o.eclipse.m2e.core.internal.Bundles - 	Entry: C:\Users\selva.balaji\Downloads\eclipse-jee-2024-12-R-win32-x86_64\eclipse\plugins\org.eclipse.m2e.maven.runtime_3.9.900.20240824-1409\jars\httpcore-4.4.16.jar
2025-02-05 11:09:05,551 [Worker-19: Launching mavenrun-1bfe742a-390d-4cfb-9aa2-64fe46da9596] INFO  o.eclipse.m2e.core.internal.Bundles - 	Entry: C:\Users\selva.balaji\Downloads\eclipse-jee-2024-12-R-win32-x86_64\eclipse\plugins\org.eclipse.m2e.maven.runtime_3.9.900.20240824-1409\jars\jansi-2.4.1.jar
2025-02-05 11:09:05,551 [Worker-19: Launching mavenrun-1bfe742a-390d-4cfb-9aa2-64fe46da9596] INFO  o.eclipse.m2e.core.internal.Bundles - 	Entry: C:\Users\selva.balaji\Downloads\eclipse-jee-2024-12-R-win32-x86_64\eclipse\plugins\org.eclipse.m2e.maven.runtime_3.9.900.20240824-1409\jars\jcl-over-slf4j-1.7.36.jar
2025-02-05 11:09:05,552 [Worker-19: Launching mavenrun-1bfe742a-390d-4cfb-9aa2-64fe46da9596] INFO  o.eclipse.m2e.core.internal.Bundles - 	Entry: C:\Users\selva.balaji\Downloads\eclipse-jee-2024-12-R-win32-x86_64\eclipse\plugins\org.eclipse.m2e.maven.runtime_3.9.900.20240824-1409\jars\maven-artifact-3.9.9.jar
2025-02-05 11:09:05,552 [Worker-19: Launching mavenrun-1bfe742a-390d-4cfb-9aa2-64fe46da9596] INFO  o.eclipse.m2e.core.internal.Bundles - 	Entry: C:\Users\selva.balaji\Downloads\eclipse-jee-2024-12-R-win32-x86_64\eclipse\plugins\org.eclipse.m2e.maven.runtime_3.9.900.20240824-1409\jars\maven-builder-support-3.9.9.jar
2025-02-05 11:09:05,552 [Worker-19: Launching mavenrun-1bfe742a-390d-4cfb-9aa2-64fe46da9596] INFO  o.eclipse.m2e.core.internal.Bundles - 	Entry: C:\Users\selva.balaji\Downloads\eclipse-jee-2024-12-R-win32-x86_64\eclipse\plugins\org.eclipse.m2e.maven.runtime_3.9.900.20240824-1409\jars\maven-compat-3.9.9.jar
2025-02-05 11:09:05,553 [Worker-19: Launching mavenrun-1bfe742a-390d-4cfb-9aa2-64fe46da9596] INFO  o.eclipse.m2e.core.internal.Bundles - 	Entry: C:\Users\selva.balaji\Downloads\eclipse-jee-2024-12-R-win32-x86_64\eclipse\plugins\org.eclipse.m2e.maven.runtime_3.9.900.20240824-1409\jars\maven-core-3.9.9.jar
2025-02-05 11:09:05,553 [Worker-19: Launching mavenrun-1bfe742a-390d-4cfb-9aa2-64fe46da9596] INFO  o.eclipse.m2e.core.internal.Bundles - 	Entry: C:\Users\selva.balaji\Downloads\eclipse-jee-2024-12-R-win32-x86_64\eclipse\plugins\org.eclipse.m2e.maven.runtime_3.9.900.20240824-1409\jars\maven-embedder-3.9.9.jar
2025-02-05 11:09:05,553 [Worker-19: Launching mavenrun-1bfe742a-390d-4cfb-9aa2-64fe46da9596] INFO  o.eclipse.m2e.core.internal.Bundles - 	Entry: C:\Users\selva.balaji\Downloads\eclipse-jee-2024-12-R-win32-x86_64\eclipse\plugins\org.eclipse.m2e.maven.runtime_3.9.900.20240824-1409\jars\maven-model-3.9.9.jar
2025-02-05 11:09:05,554 [Worker-19: Launching mavenrun-1bfe742a-390d-4cfb-9aa2-64fe46da9596] INFO  o.eclipse.m2e.core.internal.Bundles - 	Entry: C:\Users\selva.balaji\Downloads\eclipse-jee-2024-12-R-win32-x86_64\eclipse\plugins\org.eclipse.m2e.maven.runtime_3.9.900.20240824-1409\jars\maven-model-builder-3.9.9.jar
2025-02-05 11:09:05,554 [Worker-19: Launching mavenrun-1bfe742a-390d-4cfb-9aa2-64fe46da9596] INFO  o.eclipse.m2e.core.internal.Bundles - 	Entry: C:\Users\selva.balaji\Downloads\eclipse-jee-2024-12-R-win32-x86_64\eclipse\plugins\org.eclipse.m2e.maven.runtime_3.9.900.20240824-1409\jars\maven-plugin-api-3.9.9.jar
2025-02-05 11:09:05,555 [Worker-19: Launching mavenrun-1bfe742a-390d-4cfb-9aa2-64fe46da9596] INFO  o.eclipse.m2e.core.internal.Bundles - 	Entry: C:\Users\selva.balaji\Downloads\eclipse-jee-2024-12-R-win32-x86_64\eclipse\plugins\org.eclipse.m2e.maven.runtime_3.9.900.20240824-1409\jars\maven-repository-metadata-3.9.9.jar
2025-02-05 11:09:05,555 [Worker-19: Launching mavenrun-1bfe742a-390d-4cfb-9aa2-64fe46da9596] INFO  o.eclipse.m2e.core.internal.Bundles - 	Entry: C:\Users\selva.balaji\Downloads\eclipse-jee-2024-12-R-win32-x86_64\eclipse\plugins\org.eclipse.m2e.maven.runtime_3.9.900.20240824-1409\jars\maven-resolver-api-1.9.22.jar
2025-02-05 11:09:05,555 [Worker-19: Launching mavenrun-1bfe742a-390d-4cfb-9aa2-64fe46da9596] INFO  o.eclipse.m2e.core.internal.Bundles - 	Entry: C:\Users\selva.balaji\Downloads\eclipse-jee-2024-12-R-win32-x86_64\eclipse\plugins\org.eclipse.m2e.maven.runtime_3.9.900.20240824-1409\jars\maven-resolver-connector-basic-1.9.22.jar
2025-02-05 11:09:05,556 [Worker-19: Launching mavenrun-1bfe742a-390d-4cfb-9aa2-64fe46da9596] INFO  o.eclipse.m2e.core.internal.Bundles - 	Entry: C:\Users\selva.balaji\Downloads\eclipse-jee-2024-12-R-win32-x86_64\eclipse\plugins\org.eclipse.m2e.maven.runtime_3.9.900.20240824-1409\jars\maven-resolver-impl-1.9.22.jar
2025-02-05 11:09:05,556 [Worker-19: Launching mavenrun-1bfe742a-390d-4cfb-9aa2-64fe46da9596] INFO  o.eclipse.m2e.core.internal.Bundles - 	Entry: C:\Users\selva.balaji\Downloads\eclipse-jee-2024-12-R-win32-x86_64\eclipse\plugins\org.eclipse.m2e.maven.runtime_3.9.900.20240824-1409\jars\maven-resolver-named-locks-1.9.22.jar
2025-02-05 11:09:05,556 [Worker-19: Launching mavenrun-1bfe742a-390d-4cfb-9aa2-64fe46da9596] INFO  o.eclipse.m2e.core.internal.Bundles - 	Entry: C:\Users\selva.balaji\Downloads\eclipse-jee-2024-12-R-win32-x86_64\eclipse\plugins\org.eclipse.m2e.maven.runtime_3.9.900.20240824-1409\jars\maven-resolver-provider-3.9.9.jar
2025-02-05 11:09:05,557 [Worker-19: Launching mavenrun-1bfe742a-390d-4cfb-9aa2-64fe46da9596] INFO  o.eclipse.m2e.core.internal.Bundles - 	Entry: C:\Users\selva.balaji\Downloads\eclipse-jee-2024-12-R-win32-x86_64\eclipse\plugins\org.eclipse.m2e.maven.runtime_3.9.900.20240824-1409\jars\maven-resolver-spi-1.9.22.jar
2025-02-05 11:09:05,557 [Worker-19: Launching mavenrun-1bfe742a-390d-4cfb-9aa2-64fe46da9596] INFO  o.eclipse.m2e.core.internal.Bundles - 	Entry: C:\Users\selva.balaji\Downloads\eclipse-jee-2024-12-R-win32-x86_64\eclipse\plugins\org.eclipse.m2e.maven.runtime_3.9.900.20240824-1409\jars\maven-resolver-transport-file-1.9.22.jar
2025-02-05 11:09:05,557 [Worker-19: Launching mavenrun-1bfe742a-390d-4cfb-9aa2-64fe46da9596] INFO  o.eclipse.m2e.core.internal.Bundles - 	Entry: C:\Users\selva.balaji\Downloads\eclipse-jee-2024-12-R-win32-x86_64\eclipse\plugins\org.eclipse.m2e.maven.runtime_3.9.900.20240824-1409\jars\maven-resolver-transport-http-1.9.22.jar
2025-02-05 11:09:05,558 [Worker-19: Launching mavenrun-1bfe742a-390d-4cfb-9aa2-64fe46da9596] INFO  o.eclipse.m2e.core.internal.Bundles - 	Entry: C:\Users\selva.balaji\Downloads\eclipse-jee-2024-12-R-win32-x86_64\eclipse\plugins\org.eclipse.m2e.maven.runtime_3.9.900.20240824-1409\jars\maven-resolver-transport-wagon-1.9.22.jar
2025-02-05 11:09:05,558 [Worker-19: Launching mavenrun-1bfe742a-390d-4cfb-9aa2-64fe46da9596] INFO  o.eclipse.m2e.core.internal.Bundles - 	Entry: C:\Users\selva.balaji\Downloads\eclipse-jee-2024-12-R-win32-x86_64\eclipse\plugins\org.eclipse.m2e.maven.runtime_3.9.900.20240824-1409\jars\maven-resolver-util-1.9.22.jar
2025-02-05 11:09:05,558 [Worker-19: Launching mavenrun-1bfe742a-390d-4cfb-9aa2-64fe46da9596] INFO  o.eclipse.m2e.core.internal.Bundles - 	Entry: C:\Users\selva.balaji\Downloads\eclipse-jee-2024-12-R-win32-x86_64\eclipse\plugins\org.eclipse.m2e.maven.runtime_3.9.900.20240824-1409\jars\maven-settings-3.9.9.jar
2025-02-05 11:09:05,559 [Worker-19: Launching mavenrun-1bfe742a-390d-4cfb-9aa2-64fe46da9596] INFO  o.eclipse.m2e.core.internal.Bundles - 	Entry: C:\Users\selva.balaji\Downloads\eclipse-jee-2024-12-R-win32-x86_64\eclipse\plugins\org.eclipse.m2e.maven.runtime_3.9.900.20240824-1409\jars\maven-settings-builder-3.9.9.jar
2025-02-05 11:09:05,559 [Worker-19: Launching mavenrun-1bfe742a-390d-4cfb-9aa2-64fe46da9596] INFO  o.eclipse.m2e.core.internal.Bundles - 	Entry: C:\Users\selva.balaji\Downloads\eclipse-jee-2024-12-R-win32-x86_64\eclipse\plugins\org.eclipse.m2e.maven.runtime_3.9.900.20240824-1409\jars\maven-shared-utils-3.4.2.jar
2025-02-05 11:09:05,559 [Worker-19: Launching mavenrun-1bfe742a-390d-4cfb-9aa2-64fe46da9596] INFO  o.eclipse.m2e.core.internal.Bundles - 	Entry: C:\Users\selva.balaji\Downloads\eclipse-jee-2024-12-R-win32-x86_64\eclipse\plugins\org.eclipse.m2e.maven.runtime_3.9.900.20240824-1409\jars\org.eclipse.sisu.inject-0.9.0.M3.jar
2025-02-05 11:09:05,560 [Worker-19: Launching mavenrun-1bfe742a-390d-4cfb-9aa2-64fe46da9596] INFO  o.eclipse.m2e.core.internal.Bundles - 	Entry: C:\Users\selva.balaji\Downloads\eclipse-jee-2024-12-R-win32-x86_64\eclipse\plugins\org.eclipse.m2e.maven.runtime_3.9.900.20240824-1409\jars\org.eclipse.sisu.plexus-0.9.0.M3.jar
2025-02-05 11:09:05,560 [Worker-19: Launching mavenrun-1bfe742a-390d-4cfb-9aa2-64fe46da9596] INFO  o.eclipse.m2e.core.internal.Bundles - 	Entry: C:\Users\selva.balaji\Downloads\eclipse-jee-2024-12-R-win32-x86_64\eclipse\plugins\org.eclipse.m2e.maven.runtime_3.9.900.20240824-1409\jars\plexus-build-api-0.0.7.jar
2025-02-05 11:09:05,560 [Worker-19: Launching mavenrun-1bfe742a-390d-4cfb-9aa2-64fe46da9596] INFO  o.eclipse.m2e.core.internal.Bundles - 	Entry: C:\Users\selva.balaji\Downloads\eclipse-jee-2024-12-R-win32-x86_64\eclipse\plugins\org.eclipse.m2e.maven.runtime_3.9.900.20240824-1409\jars\plexus-build-api-1.2.0.jar
2025-02-05 11:09:05,561 [Worker-19: Launching mavenrun-1bfe742a-390d-4cfb-9aa2-64fe46da9596] INFO  o.eclipse.m2e.core.internal.Bundles - 	Entry: C:\Users\selva.balaji\Downloads\eclipse-jee-2024-12-R-win32-x86_64\eclipse\plugins\org.eclipse.m2e.maven.runtime_3.9.900.20240824-1409\jars\plexus-cipher-2.0.jar
2025-02-05 11:09:05,561 [Worker-19: Launching mavenrun-1bfe742a-390d-4cfb-9aa2-64fe46da9596] INFO  o.eclipse.m2e.core.internal.Bundles - 	Entry: C:\Users\selva.balaji\Downloads\eclipse-jee-2024-12-R-win32-x86_64\eclipse\plugins\org.eclipse.m2e.maven.runtime_3.9.900.20240824-1409\jars\plexus-classworlds-2.8.0.jar
2025-02-05 11:09:05,562 [Worker-19: Launching mavenrun-1bfe742a-390d-4cfb-9aa2-64fe46da9596] INFO  o.eclipse.m2e.core.internal.Bundles - 	Entry: C:\Users\selva.balaji\Downloads\eclipse-jee-2024-12-R-win32-x86_64\eclipse\plugins\org.eclipse.m2e.maven.runtime_3.9.900.20240824-1409\jars\plexus-component-annotations-2.1.0.jar
2025-02-05 11:09:05,562 [Worker-19: Launching mavenrun-1bfe742a-390d-4cfb-9aa2-64fe46da9596] INFO  o.eclipse.m2e.core.internal.Bundles - 	Entry: C:\Users\selva.balaji\Downloads\eclipse-jee-2024-12-R-win32-x86_64\eclipse\plugins\org.eclipse.m2e.maven.runtime_3.9.900.20240824-1409\jars\plexus-interpolation-1.27.jar
2025-02-05 11:09:05,563 [Worker-19: Launching mavenrun-1bfe742a-390d-4cfb-9aa2-64fe46da9596] INFO  o.eclipse.m2e.core.internal.Bundles - 	Entry: C:\Users\selva.balaji\Downloads\eclipse-jee-2024-12-R-win32-x86_64\eclipse\plugins\org.eclipse.m2e.maven.runtime_3.9.900.20240824-1409\jars\plexus-sec-dispatcher-2.0.jar
2025-02-05 11:09:05,563 [Worker-19: Launching mavenrun-1bfe742a-390d-4cfb-9aa2-64fe46da9596] INFO  o.eclipse.m2e.core.internal.Bundles - 	Entry: C:\Users\selva.balaji\Downloads\eclipse-jee-2024-12-R-win32-x86_64\eclipse\plugins\org.eclipse.m2e.maven.runtime_3.9.900.20240824-1409\jars\plexus-utils-3.5.1.jar
2025-02-05 11:09:05,564 [Worker-19: Launching mavenrun-1bfe742a-390d-4cfb-9aa2-64fe46da9596] INFO  o.eclipse.m2e.core.internal.Bundles - 	Entry: C:\Users\selva.balaji\Downloads\eclipse-jee-2024-12-R-win32-x86_64\eclipse\plugins\org.eclipse.m2e.maven.runtime_3.9.900.20240824-1409\jars\plexus-xml-3.0.1.jar
2025-02-05 11:09:05,564 [Worker-19: Launching mavenrun-1bfe742a-390d-4cfb-9aa2-64fe46da9596] INFO  o.eclipse.m2e.core.internal.Bundles - 	Entry: C:\Users\selva.balaji\Downloads\eclipse-jee-2024-12-R-win32-x86_64\eclipse\plugins\org.eclipse.m2e.maven.runtime_3.9.900.20240824-1409\jars\wagon-file-3.5.3.jar
2025-02-05 11:09:05,564 [Worker-19: Launching mavenrun-1bfe742a-390d-4cfb-9aa2-64fe46da9596] INFO  o.eclipse.m2e.core.internal.Bundles - 	Entry: C:\Users\selva.balaji\Downloads\eclipse-jee-2024-12-R-win32-x86_64\eclipse\plugins\org.eclipse.m2e.maven.runtime_3.9.900.20240824-1409\jars\wagon-http-3.5.3.jar
2025-02-05 11:09:05,564 [Worker-19: Launching mavenrun-1bfe742a-390d-4cfb-9aa2-64fe46da9596] INFO  o.eclipse.m2e.core.internal.Bundles - 	Entry: C:\Users\selva.balaji\Downloads\eclipse-jee-2024-12-R-win32-x86_64\eclipse\plugins\org.eclipse.m2e.maven.runtime_3.9.900.20240824-1409\jars\wagon-http-shared-3.5.3.jar
2025-02-05 11:09:05,565 [Worker-19: Launching mavenrun-1bfe742a-390d-4cfb-9aa2-64fe46da9596] INFO  o.eclipse.m2e.core.internal.Bundles - 	Entry: C:\Users\selva.balaji\Downloads\eclipse-jee-2024-12-R-win32-x86_64\eclipse\plugins\org.eclipse.m2e.maven.runtime_3.9.900.20240824-1409\jars\wagon-provider-api-3.5.3.jar
2025-02-05 11:09:05,566 [Worker-19: Launching mavenrun-1bfe742a-390d-4cfb-9aa2-64fe46da9596] INFO  o.eclipse.m2e.core.internal.Bundles - getClasspathEntries(Bundle=com.google.guava_33.3.1.jre [16])
2025-02-05 11:09:05,567 [Worker-19: Launching mavenrun-1bfe742a-390d-4cfb-9aa2-64fe46da9596] INFO  o.eclipse.m2e.core.internal.Bundles - 	Entry: C:\Users\selva.balaji\Downloads\eclipse-jee-2024-12-R-win32-x86_64\eclipse\plugins\com.google.guava_33.3.1.jre.jar
2025-02-05 11:09:05,568 [Worker-19: Launching mavenrun-1bfe742a-390d-4cfb-9aa2-64fe46da9596] INFO  o.eclipse.m2e.core.internal.Bundles - getClasspathEntries(Bundle=slf4j.api_2.0.16 [1008])
2025-02-05 11:09:05,569 [Worker-19: Launching mavenrun-1bfe742a-390d-4cfb-9aa2-64fe46da9596] INFO  o.eclipse.m2e.core.internal.Bundles - 	Entry: C:\Users\selva.balaji\Downloads\eclipse-jee-2024-12-R-win32-x86_64\eclipse\plugins\slf4j.api_2.0.16.jar
2025-02-05 11:09:05,569 [Worker-19: Launching mavenrun-1bfe742a-390d-4cfb-9aa2-64fe46da9596] INFO  o.eclipse.m2e.core.internal.Bundles - getClasspathEntries(Bundle=jakarta.inject.jakarta.inject-api_1.0.5 [34])
2025-02-05 11:09:05,570 [Worker-19: Launching mavenrun-1bfe742a-390d-4cfb-9aa2-64fe46da9596] INFO  o.eclipse.m2e.core.internal.Bundles - 	Entry: C:\Users\selva.balaji\Downloads\eclipse-jee-2024-12-R-win32-x86_64\eclipse\plugins\jakarta.inject.jakarta.inject-api_1.0.5.jar
2025-02-05 11:09:05,570 [Worker-19: Launching mavenrun-1bfe742a-390d-4cfb-9aa2-64fe46da9596] INFO  o.eclipse.m2e.core.internal.Bundles - getClasspathEntries(Bundle=jakarta.annotation-api_1.3.5 [29])
2025-02-05 11:09:05,571 [Worker-19: Launching mavenrun-1bfe742a-390d-4cfb-9aa2-64fe46da9596] INFO  o.eclipse.m2e.core.internal.Bundles - 	Entry: C:\Users\selva.balaji\Downloads\eclipse-jee-2024-12-R-win32-x86_64\eclipse\plugins\jakarta.annotation-api_1.3.5.jar
2025-02-05 11:09:05,571 [Worker-19: Launching mavenrun-1bfe742a-390d-4cfb-9aa2-64fe46da9596] INFO  o.eclipse.m2e.core.internal.Bundles - getClasspathEntries(Bundle=org.apache.commons.cli_1.9.0 [75])
2025-02-05 11:09:05,571 [Worker-19: Launching mavenrun-1bfe742a-390d-4cfb-9aa2-64fe46da9596] INFO  o.eclipse.m2e.core.internal.Bundles - 	Entry: C:\Users\selva.balaji\Downloads\eclipse-jee-2024-12-R-win32-x86_64\eclipse\plugins\org.apache.commons.cli_1.9.0.jar
2025-02-05 11:09:05,571 [Worker-19: Launching mavenrun-1bfe742a-390d-4cfb-9aa2-64fe46da9596] INFO  o.eclipse.m2e.core.internal.Bundles - getClasspathEntries(Bundle=org.apache.commons.commons-codec_1.16.0 [78])
2025-02-05 11:09:05,572 [Worker-19: Launching mavenrun-1bfe742a-390d-4cfb-9aa2-64fe46da9596] INFO  o.eclipse.m2e.core.internal.Bundles - 	Entry: C:\Users\selva.balaji\Downloads\eclipse-jee-2024-12-R-win32-x86_64\eclipse\plugins\org.apache.commons.commons-codec_1.16.0.jar
2025-02-05 11:09:05,572 [Worker-19: Launching mavenrun-1bfe742a-390d-4cfb-9aa2-64fe46da9596] INFO  o.eclipse.m2e.core.internal.Bundles - getClasspathEntries(Bundle=com.google.guava.failureaccess_1.0.2 [17])
2025-02-05 11:09:05,573 [Worker-19: Launching mavenrun-1bfe742a-390d-4cfb-9aa2-64fe46da9596] INFO  o.eclipse.m2e.core.internal.Bundles - 	Entry: C:\Users\selva.balaji\Downloads\eclipse-jee-2024-12-R-win32-x86_64\eclipse\plugins\com.google.guava.failureaccess_1.0.2.jar
2025-02-05 11:09:05,690 [Worker-19: Launching mavenrun-1bfe742a-390d-4cfb-9aa2-64fe46da9596] INFO  o.e.m.i.launch.MavenLaunchDelegate - Run build in "C:\Users\SELVA~1.BAL\AppData\Local\Temp\m2e-archetypeGenerator91430805539733111":
2025-02-05 11:09:05,694 [Worker-19: Launching mavenrun-1bfe742a-390d-4cfb-9aa2-64fe46da9596] INFO  o.e.m.i.launch.MavenLaunchDelegate -  mvn  -DarchetypeGroupId=org.apache.maven.archetypes -DarchetypeArtifactId=maven-archetype-quickstart -DarchetypeVersion=1.1 -DgroupId=Samsung -DartifactId=Samsung -Dversion=0.0.1-SNAPSHOT -Dpackage=com.Samsung.main -DoutputDirectory=C:\Users\selva.balaji\Desktop\Junit-eclipse\OpenLibrary -Dstyle.color=always -U archetype:generate
2025-02-05 11:19:50,444 [Worker-18: Creating maven-archetype-quickstart] INFO  o.e.m.c.i.p.ProjectConfigurationManager - Collecting project info '/pom.xml' C:\Users\selva.balaji\Desktop\Junit-eclipse\OpenLibrary\Samsung\pom.xml
2025-02-05 11:19:54,658 [Worker-18: Creating maven-archetype-quickstart] INFO  o.e.m.c.i.l.LifecycleMappingFactory - Using org.eclipse.m2e.jdt.JarLifecycleMapping lifecycle mapping for MavenProject: Samsung:Samsung:0.0.1-SNAPSHOT @ C:\Users\selva.balaji\Desktop\Junit-eclipse\OpenLibrary\Samsung\pom.xml.
2025-02-05 11:19:57,399 [Worker-18: Creating maven-archetype-quickstart] INFO  o.e.m.j.i.AbstractJavaProjectConfigurator - Adding source folder /Samsung/src/main/java
2025-02-05 11:19:57,402 [Worker-18: Creating maven-archetype-quickstart] INFO  o.e.m.j.i.AbstractJavaProjectConfigurator - Adding resource folder /Samsung/src/main/resources
2025-02-05 11:19:57,682 [Worker-18: Creating maven-archetype-quickstart] INFO  o.e.m.j.i.AbstractJavaProjectConfigurator - Adding source folder /Samsung/src/test/java
2025-02-05 11:19:57,683 [Worker-18: Creating maven-archetype-quickstart] INFO  o.e.m.j.i.AbstractJavaProjectConfigurator - Adding resource folder /Samsung/src/test/resources
2025-02-05 11:20:00,549 [Worker-18: Creating maven-archetype-quickstart] INFO  o.e.m.c.i.p.ProjectConfigurationManager - Imported and configured 1 project(s) in 10 sec
2025-02-05 11:20:02,333 [Worker-22: Building] INFO  o.a.m.s.f.DefaultMavenResourcesFiltering - skip non existing resourceDirectory C:\Users\selva.balaji\Desktop\Junit-eclipse\OpenLibrary\Samsung\src\main\resources
2025-02-05 11:20:02,337 [Worker-22: Building] INFO  o.a.m.s.f.DefaultMavenResourcesFiltering - skip non existing resourceDirectory C:\Users\selva.balaji\Desktop\Junit-eclipse\OpenLibrary\Samsung\src\test\resources
2025-02-05 11:50:21,121 [Worker-22: Building] INFO  o.a.m.s.f.DefaultMavenResourcesFiltering - Copying 0 resource from src\main\resources to target\classes
2025-02-05 11:50:21,126 [Worker-22: Building] INFO  o.a.m.s.f.DefaultMavenResourcesFiltering - Copying 0 resource from src\test\resources to target\test-classes
2025-02-05 12:04:18,329 [Worker-39: Building] INFO  o.a.m.s.f.DefaultMavenResourcesFiltering - Copying 0 resource from src\main\resources to target\classes
2025-02-05 12:04:18,334 [Worker-39: Building] INFO  o.a.m.s.f.DefaultMavenResourcesFiltering - Copying 0 resource from src\test\resources to target\test-classes
2025-02-05 12:05:43,315 [Worker-22: Building] INFO  o.a.m.s.f.DefaultMavenResourcesFiltering - Copying 0 resource from src\main\resources to target\classes
2025-02-05 12:05:43,319 [Worker-22: Building] INFO  o.a.m.s.f.DefaultMavenResourcesFiltering - Copying 0 resource from src\test\resources to target\test-classes
2025-02-05 12:06:05,495 [Worker-38: Building] INFO  o.a.m.s.f.DefaultMavenResourcesFiltering - Copying 0 resource from src\main\resources to target\classes
2025-02-05 12:06:05,501 [Worker-38: Building] INFO  o.a.m.s.f.DefaultMavenResourcesFiltering - Copying 0 resource from src\test\resources to target\test-classes
2025-02-05 12:14:28,263 [Worker-38: Building] INFO  o.a.m.s.f.DefaultMavenResourcesFiltering - Copying 0 resource from src\main\resources to target\classes
2025-02-05 12:14:28,267 [Worker-38: Building] INFO  o.a.m.s.f.DefaultMavenResourcesFiltering - Copying 0 resource from src\test\resources to target\test-classes
2025-02-05 12:35:21,368 [Worker-38: Launching LaunchPage] INFO  o.a.m.s.f.DefaultMavenResourcesFiltering - Copying 0 resource from src\main\resources to target\classes
2025-02-05 12:35:21,371 [Worker-38: Launching LaunchPage] INFO  o.a.m.s.f.DefaultMavenResourcesFiltering - Copying 0 resource from src\test\resources to target\test-classes
2025-02-05 13:21:42,044 [Worker-60: Launching LaunchPage] INFO  o.a.m.s.f.DefaultMavenResourcesFiltering - Copying 0 resource from src\main\resources to target\classes
2025-02-05 13:21:42,056 [Worker-60: Launching LaunchPage] INFO  o.a.m.s.f.DefaultMavenResourcesFiltering - Copying 0 resource from src\test\resources to target\test-classes
2025-02-05 13:29:30,024 [Worker-64: Launching LaunchPage] INFO  o.a.m.s.f.DefaultMavenResourcesFiltering - Copying 0 resource from src\main\resources to target\classes
2025-02-05 13:29:30,027 [Worker-64: Launching LaunchPage] INFO  o.a.m.s.f.DefaultMavenResourcesFiltering - Copying 0 resource from src\test\resources to target\test-classes
2025-02-05 13:34:13,454 [Worker-65: Launching LaunchPage] INFO  o.a.m.s.f.DefaultMavenResourcesFiltering - Copying 0 resource from src\main\resources to target\classes
2025-02-05 13:34:13,533 [Worker-65: Launching LaunchPage] INFO  o.a.m.s.f.DefaultMavenResourcesFiltering - Copying 0 resource from src\test\resources to target\test-classes
2025-02-05 13:47:14,240 [Worker-73: Launching LaunchPage] INFO  o.a.m.s.f.DefaultMavenResourcesFiltering - Copying 0 resource from src\main\resources to target\classes
2025-02-05 13:47:14,416 [Worker-73: Launching LaunchPage] INFO  o.a.m.s.f.DefaultMavenResourcesFiltering - Copying 0 resource from src\test\resources to target\test-classes
2025-02-05 14:06:40,473 [Worker-83: Building] INFO  o.a.m.s.f.DefaultMavenResourcesFiltering - Copying 0 resource from src\main\resources to target\classes
2025-02-05 14:06:40,482 [Worker-83: Building] INFO  o.a.m.s.f.DefaultMavenResourcesFiltering - Copying 0 resource from src\test\resources to target\test-classes
2025-02-05 14:11:52,234 [Worker-88: Building] INFO  o.a.m.s.f.DefaultMavenResourcesFiltering - Copying 0 resource from src\main\resources to target\classes
2025-02-05 14:11:52,239 [Worker-88: Building] INFO  o.a.m.s.f.DefaultMavenResourcesFiltering - Copying 0 resource from src\test\resources to target\test-classes
2025-02-05 14:26:17,087 [Worker-97: Building] INFO  o.a.m.s.f.DefaultMavenResourcesFiltering - Copying 0 resource from src\main\resources to target\classes
2025-02-05 14:26:17,093 [Worker-97: Building] INFO  o.a.m.s.f.DefaultMavenResourcesFiltering - Copying 0 resource from src\test\resources to target\test-classes
2025-02-05 14:27:51,285 [Worker-97: Building] INFO  o.a.m.s.f.DefaultMavenResourcesFiltering - Copying 0 resource from src\main\resources to target\classes
2025-02-05 14:27:51,289 [Worker-97: Building] INFO  o.a.m.s.f.DefaultMavenResourcesFiltering - Copying 0 resource from src\test\resources to target\test-classes
2025-02-05 14:50:02,694 [Worker-96: Building] INFO  o.a.m.s.f.DefaultMavenResourcesFiltering - Copying 0 resource from src\main\resources to target\classes
2025-02-05 14:50:02,708 [Worker-96: Building] INFO  o.a.m.s.f.DefaultMavenResourcesFiltering - Copying 0 resource from src\test\resources to target\test-classes
2025-02-05 14:51:46,596 [Worker-98: Launching LaunchPage] INFO  o.a.m.s.f.DefaultMavenResourcesFiltering - Copying 0 resource from src\main\resources to target\classes
2025-02-05 14:51:46,599 [Worker-98: Launching LaunchPage] INFO  o.a.m.s.f.DefaultMavenResourcesFiltering - Copying 0 resource from src\test\resources to target\test-classes
2025-02-05 14:59:23,846 [Worker-105: Building] INFO  o.a.m.s.f.DefaultMavenResourcesFiltering - Copying 0 resource from src\main\resources to target\classes
2025-02-05 14:59:23,849 [Worker-105: Building] INFO  o.a.m.s.f.DefaultMavenResourcesFiltering - Copying 0 resource from src\test\resources to target\test-classes
2025-02-05 15:08:09,770 [Worker-111: Building] INFO  o.a.m.s.f.DefaultMavenResourcesFiltering - Copying 0 resource from src\main\resources to target\classes
2025-02-05 15:08:09,773 [Worker-111: Building] INFO  o.a.m.s.f.DefaultMavenResourcesFiltering - Copying 0 resource from src\test\resources to target\test-classes
2025-02-05 15:10:59,251 [Worker-115: Building] INFO  o.a.m.s.f.DefaultMavenResourcesFiltering - Copying 0 resource from src\main\resources to target\classes
2025-02-05 15:10:59,256 [Worker-115: Building] INFO  o.a.m.s.f.DefaultMavenResourcesFiltering - Copying 0 resource from src\test\resources to target\test-classes
2025-02-05 15:12:31,054 [Worker-114: Building] INFO  o.a.m.s.f.DefaultMavenResourcesFiltering - Copying 0 resource from src\main\resources to target\classes
2025-02-05 15:12:31,057 [Worker-114: Building] INFO  o.a.m.s.f.DefaultMavenResourcesFiltering - Copying 0 resource from src\test\resources to target\test-classes
2025-02-05 15:24:37,049 [Worker-118: Building] INFO  o.a.m.s.f.DefaultMavenResourcesFiltering - Copying 0 resource from src\main\resources to target\classes
2025-02-05 15:24:37,051 [Worker-118: Building] INFO  o.a.m.s.f.DefaultMavenResourcesFiltering - Copying 0 resource from src\test\resources to target\test-classes
2025-02-05 15:28:04,474 [Worker-122: Building] INFO  o.a.m.s.f.DefaultMavenResourcesFiltering - Copying 0 resource from src\main\resources to target\classes
2025-02-05 15:28:04,478 [Worker-122: Building] INFO  o.a.m.s.f.DefaultMavenResourcesFiltering - Copying 0 resource from src\test\resources to target\test-classes
2025-02-05 15:31:07,487 [Worker-118: Building] INFO  o.a.m.s.f.DefaultMavenResourcesFiltering - Copying 0 resource from src\main\resources to target\classes
2025-02-05 15:31:07,491 [Worker-118: Building] INFO  o.a.m.s.f.DefaultMavenResourcesFiltering - Copying 0 resource from src\test\resources to target\test-classes
2025-02-05 15:34:19,315 [Worker-128: Building] INFO  o.a.m.s.f.DefaultMavenResourcesFiltering - Copying 0 resource from src\main\resources to target\classes
2025-02-05 15:34:19,319 [Worker-128: Building] INFO  o.a.m.s.f.DefaultMavenResourcesFiltering - Copying 0 resource from src\test\resources to target\test-classes
2025-02-05 15:37:28,699 [Worker-128: Building] INFO  o.a.m.s.f.DefaultMavenResourcesFiltering - Copying 0 resource from src\main\resources to target\classes
2025-02-05 15:37:28,702 [Worker-128: Building] INFO  o.a.m.s.f.DefaultMavenResourcesFiltering - Copying 0 resource from src\test\resources to target\test-classes
2025-02-05 15:37:42,774 [Worker-129: Launching LaunchPage] INFO  o.a.m.s.f.DefaultMavenResourcesFiltering - Copying 0 resource from src\main\resources to target\classes
2025-02-05 15:37:42,777 [Worker-129: Launching LaunchPage] INFO  o.a.m.s.f.DefaultMavenResourcesFiltering - Copying 0 resource from src\test\resources to target\test-classes
2025-02-05 16:02:13,550 [Worker-153: Building] INFO  o.a.m.s.f.DefaultMavenResourcesFiltering - Copying 0 resource from src\main\resources to target\classes
2025-02-05 16:02:13,553 [Worker-153: Building] INFO  o.a.m.s.f.DefaultMavenResourcesFiltering - Copying 0 resource from src\test\resources to target\test-classes
2025-02-05 16:04:27,247 [Worker-151: Building] INFO  o.a.m.s.f.DefaultMavenResourcesFiltering - Copying 0 resource from src\main\resources to target\classes
2025-02-05 16:04:27,249 [Worker-151: Building] INFO  o.a.m.s.f.DefaultMavenResourcesFiltering - Copying 0 resource from src\test\resources to target\test-classes
2025-02-05 16:25:15,443 [Worker-163: Building] INFO  o.a.m.s.f.DefaultMavenResourcesFiltering - Copying 0 resource from src\main\resources to target\classes
2025-02-05 16:25:15,446 [Worker-163: Building] INFO  o.a.m.s.f.DefaultMavenResourcesFiltering - Copying 0 resource from src\test\resources to target\test-classes
2025-02-05 16:41:39,694 [Worker-163: Building] INFO  o.a.m.s.f.DefaultMavenResourcesFiltering - Copying 0 resource from src\main\resources to target\classes
2025-02-05 16:41:39,696 [Worker-163: Building] INFO  o.a.m.s.f.DefaultMavenResourcesFiltering - Copying 0 resource from src\test\resources to target\test-classes
2025-02-05 16:41:52,177 [main] INFO  o.e.m.jdt.internal.UnitTestSupport - Updating SeleniumTest from maven configuration
2025-02-05 16:54:36,477 [Worker-163: Building] INFO  o.a.m.s.f.DefaultMavenResourcesFiltering - Copying 0 resource from src\main\resources to target\classes
2025-02-05 16:54:36,481 [Worker-163: Building] INFO  o.a.m.s.f.DefaultMavenResourcesFiltering - Copying 0 resource from src\test\resources to target\test-classes
2025-02-05 16:54:46,430 [main] INFO  o.e.m.jdt.internal.UnitTestSupport - Updating Samsung_testng.xml from maven configuration
2025-02-05 16:55:43,087 [Worker-175: Building] INFO  o.a.m.s.f.DefaultMavenResourcesFiltering - Copying 0 resource from src\main\resources to target\classes
2025-02-05 16:55:43,089 [Worker-175: Building] INFO  o.a.m.s.f.DefaultMavenResourcesFiltering - Copying 0 resource from src\test\resources to target\test-classes
2025-02-05 17:21:24,922 [Worker-182: Building] INFO  o.a.m.s.f.DefaultMavenResourcesFiltering - Copying 0 resource from src\main\resources to target\classes
2025-02-05 17:21:24,924 [Worker-182: Building] INFO  o.a.m.s.f.DefaultMavenResourcesFiltering - Copying 0 resource from src\test\resources to target\test-classes
2025-02-05 17:21:39,466 [Worker-182: Building] INFO  o.a.m.s.f.DefaultMavenResourcesFiltering - Copying 0 resource from src\main\resources to target\classes
2025-02-05 17:21:39,469 [Worker-182: Building] INFO  o.a.m.s.f.DefaultMavenResourcesFiltering - Copying 0 resource from src\test\resources to target\test-classes
2025-02-05 17:25:01,420 [main] INFO  o.e.m.jdt.internal.UnitTestSupport - Updating SeleniumTest.ClickOnBrowsers from maven configuration
2025-02-05 17:25:04,622 [Worker-184: Launching SeleniumTest.ClickOnBrowsers] INFO  o.a.m.s.f.DefaultMavenResourcesFiltering - Copying 0 resource from src\main\resources to target\classes
2025-02-05 17:25:04,625 [Worker-184: Launching SeleniumTest.ClickOnBrowsers] INFO  o.a.m.s.f.DefaultMavenResourcesFiltering - Copying 0 resource from src\test\resources to target\test-classes
2025-02-05 17:43:34,534 [Worker-191: Building] INFO  o.a.m.s.f.DefaultMavenResourcesFiltering - Copying 0 resource from src\main\resources to target\classes
2025-02-05 17:43:34,538 [Worker-191: Building] INFO  o.a.m.s.f.DefaultMavenResourcesFiltering - Copying 0 resource from src\test\resources to target\test-classes
