2024-11-25 10:39:42,016 [Worker-4: Loading available Gradle versions] INFO  o.e.b.c.i.u.g.PublishedGradleVersions - Gradle version information cache is out-of-date. Trying to update.
2024-11-25 10:41:26,063 [Worker-11: Launching mavenrun-209b1257-ac28-49bc-9d88-4ee98ac84189] INFO  o.eclipse.m2e.core.internal.Bundles - getClasspathEntries(Bundle=org.eclipse.m2e.maven.runtime_3.9.900.20240824-1409 [297])
2024-11-25 10:41:26,066 [Worker-11: Launching mavenrun-209b1257-ac28-49bc-9d88-4ee98ac84189] INFO  o.eclipse.m2e.core.internal.Bundles - 	Entry: C:\Users\selva.balaji\.p2\pool\plugins\org.eclipse.m2e.maven.runtime_3.9.900.20240824-1409
2024-11-25 10:41:26,066 [Worker-11: Launching mavenrun-209b1257-ac28-49bc-9d88-4ee98ac84189] INFO  o.eclipse.m2e.core.internal.Bundles - 	Entry: C:\Users\selva.balaji\.p2\pool\plugins\org.eclipse.m2e.maven.runtime_3.9.900.20240824-1409\jars\aopalliance-1.0.jar
2024-11-25 10:41:26,102 [Worker-11: Launching mavenrun-209b1257-ac28-49bc-9d88-4ee98ac84189] INFO  o.eclipse.m2e.core.internal.Bundles - 	Entry: C:\Users\selva.balaji\.p2\pool\plugins\org.eclipse.m2e.maven.runtime_3.9.900.20240824-1409\jars\guice-5.1.0.jar
2024-11-25 10:41:26,103 [Worker-11: Launching mavenrun-209b1257-ac28-49bc-9d88-4ee98ac84189] INFO  o.eclipse.m2e.core.internal.Bundles - 	Entry: C:\Users\selva.balaji\.p2\pool\plugins\org.eclipse.m2e.maven.runtime_3.9.900.20240824-1409\jars\httpclient-4.5.14.jar
2024-11-25 10:41:26,103 [Worker-11: Launching mavenrun-209b1257-ac28-49bc-9d88-4ee98ac84189] INFO  o.eclipse.m2e.core.internal.Bundles - 	Entry: C:\Users\selva.balaji\.p2\pool\plugins\org.eclipse.m2e.maven.runtime_3.9.900.20240824-1409\jars\httpcore-4.4.16.jar
2024-11-25 10:41:26,103 [Worker-11: Launching mavenrun-209b1257-ac28-49bc-9d88-4ee98ac84189] INFO  o.eclipse.m2e.core.internal.Bundles - 	Entry: C:\Users\selva.balaji\.p2\pool\plugins\org.eclipse.m2e.maven.runtime_3.9.900.20240824-1409\jars\jansi-2.4.1.jar
2024-11-25 10:41:26,104 [Worker-11: Launching mavenrun-209b1257-ac28-49bc-9d88-4ee98ac84189] INFO  o.eclipse.m2e.core.internal.Bundles - 	Entry: C:\Users\selva.balaji\.p2\pool\plugins\org.eclipse.m2e.maven.runtime_3.9.900.20240824-1409\jars\jcl-over-slf4j-1.7.36.jar
2024-11-25 10:41:26,104 [Worker-11: Launching mavenrun-209b1257-ac28-49bc-9d88-4ee98ac84189] INFO  o.eclipse.m2e.core.internal.Bundles - 	Entry: C:\Users\selva.balaji\.p2\pool\plugins\org.eclipse.m2e.maven.runtime_3.9.900.20240824-1409\jars\maven-artifact-3.9.9.jar
2024-11-25 10:41:26,104 [Worker-11: Launching mavenrun-209b1257-ac28-49bc-9d88-4ee98ac84189] INFO  o.eclipse.m2e.core.internal.Bundles - 	Entry: C:\Users\selva.balaji\.p2\pool\plugins\org.eclipse.m2e.maven.runtime_3.9.900.20240824-1409\jars\maven-builder-support-3.9.9.jar
2024-11-25 10:41:26,105 [Worker-11: Launching mavenrun-209b1257-ac28-49bc-9d88-4ee98ac84189] INFO  o.eclipse.m2e.core.internal.Bundles - 	Entry: C:\Users\selva.balaji\.p2\pool\plugins\org.eclipse.m2e.maven.runtime_3.9.900.20240824-1409\jars\maven-compat-3.9.9.jar
2024-11-25 10:41:26,105 [Worker-11: Launching mavenrun-209b1257-ac28-49bc-9d88-4ee98ac84189] INFO  o.eclipse.m2e.core.internal.Bundles - 	Entry: C:\Users\selva.balaji\.p2\pool\plugins\org.eclipse.m2e.maven.runtime_3.9.900.20240824-1409\jars\maven-core-3.9.9.jar
2024-11-25 10:41:26,105 [Worker-11: Launching mavenrun-209b1257-ac28-49bc-9d88-4ee98ac84189] INFO  o.eclipse.m2e.core.internal.Bundles - 	Entry: C:\Users\selva.balaji\.p2\pool\plugins\org.eclipse.m2e.maven.runtime_3.9.900.20240824-1409\jars\maven-embedder-3.9.9.jar
2024-11-25 10:41:26,105 [Worker-11: Launching mavenrun-209b1257-ac28-49bc-9d88-4ee98ac84189] INFO  o.eclipse.m2e.core.internal.Bundles - 	Entry: C:\Users\selva.balaji\.p2\pool\plugins\org.eclipse.m2e.maven.runtime_3.9.900.20240824-1409\jars\maven-model-3.9.9.jar
2024-11-25 10:41:26,106 [Worker-11: Launching mavenrun-209b1257-ac28-49bc-9d88-4ee98ac84189] INFO  o.eclipse.m2e.core.internal.Bundles - 	Entry: C:\Users\selva.balaji\.p2\pool\plugins\org.eclipse.m2e.maven.runtime_3.9.900.20240824-1409\jars\maven-model-builder-3.9.9.jar
2024-11-25 10:41:26,106 [Worker-11: Launching mavenrun-209b1257-ac28-49bc-9d88-4ee98ac84189] INFO  o.eclipse.m2e.core.internal.Bundles - 	Entry: C:\Users\selva.balaji\.p2\pool\plugins\org.eclipse.m2e.maven.runtime_3.9.900.20240824-1409\jars\maven-plugin-api-3.9.9.jar
2024-11-25 10:41:26,106 [Worker-11: Launching mavenrun-209b1257-ac28-49bc-9d88-4ee98ac84189] INFO  o.eclipse.m2e.core.internal.Bundles - 	Entry: C:\Users\selva.balaji\.p2\pool\plugins\org.eclipse.m2e.maven.runtime_3.9.900.20240824-1409\jars\maven-repository-metadata-3.9.9.jar
2024-11-25 10:41:26,106 [Worker-11: Launching mavenrun-209b1257-ac28-49bc-9d88-4ee98ac84189] INFO  o.eclipse.m2e.core.internal.Bundles - 	Entry: C:\Users\selva.balaji\.p2\pool\plugins\org.eclipse.m2e.maven.runtime_3.9.900.20240824-1409\jars\maven-resolver-api-1.9.22.jar
2024-11-25 10:41:26,107 [Worker-11: Launching mavenrun-209b1257-ac28-49bc-9d88-4ee98ac84189] INFO  o.eclipse.m2e.core.internal.Bundles - 	Entry: C:\Users\selva.balaji\.p2\pool\plugins\org.eclipse.m2e.maven.runtime_3.9.900.20240824-1409\jars\maven-resolver-connector-basic-1.9.22.jar
2024-11-25 10:41:26,107 [Worker-11: Launching mavenrun-209b1257-ac28-49bc-9d88-4ee98ac84189] INFO  o.eclipse.m2e.core.internal.Bundles - 	Entry: C:\Users\selva.balaji\.p2\pool\plugins\org.eclipse.m2e.maven.runtime_3.9.900.20240824-1409\jars\maven-resolver-impl-1.9.22.jar
2024-11-25 10:41:26,107 [Worker-11: Launching mavenrun-209b1257-ac28-49bc-9d88-4ee98ac84189] INFO  o.eclipse.m2e.core.internal.Bundles - 	Entry: C:\Users\selva.balaji\.p2\pool\plugins\org.eclipse.m2e.maven.runtime_3.9.900.20240824-1409\jars\maven-resolver-named-locks-1.9.22.jar
2024-11-25 10:41:26,108 [Worker-11: Launching mavenrun-209b1257-ac28-49bc-9d88-4ee98ac84189] INFO  o.eclipse.m2e.core.internal.Bundles - 	Entry: C:\Users\selva.balaji\.p2\pool\plugins\org.eclipse.m2e.maven.runtime_3.9.900.20240824-1409\jars\maven-resolver-provider-3.9.9.jar
2024-11-25 10:41:26,108 [Worker-11: Launching mavenrun-209b1257-ac28-49bc-9d88-4ee98ac84189] INFO  o.eclipse.m2e.core.internal.Bundles - 	Entry: C:\Users\selva.balaji\.p2\pool\plugins\org.eclipse.m2e.maven.runtime_3.9.900.20240824-1409\jars\maven-resolver-spi-1.9.22.jar
2024-11-25 10:41:26,108 [Worker-11: Launching mavenrun-209b1257-ac28-49bc-9d88-4ee98ac84189] INFO  o.eclipse.m2e.core.internal.Bundles - 	Entry: C:\Users\selva.balaji\.p2\pool\plugins\org.eclipse.m2e.maven.runtime_3.9.900.20240824-1409\jars\maven-resolver-transport-file-1.9.22.jar
2024-11-25 10:41:26,108 [Worker-11: Launching mavenrun-209b1257-ac28-49bc-9d88-4ee98ac84189] INFO  o.eclipse.m2e.core.internal.Bundles - 	Entry: C:\Users\selva.balaji\.p2\pool\plugins\org.eclipse.m2e.maven.runtime_3.9.900.20240824-1409\jars\maven-resolver-transport-http-1.9.22.jar
2024-11-25 10:41:26,109 [Worker-11: Launching mavenrun-209b1257-ac28-49bc-9d88-4ee98ac84189] INFO  o.eclipse.m2e.core.internal.Bundles - 	Entry: C:\Users\selva.balaji\.p2\pool\plugins\org.eclipse.m2e.maven.runtime_3.9.900.20240824-1409\jars\maven-resolver-transport-wagon-1.9.22.jar
2024-11-25 10:41:26,109 [Worker-11: Launching mavenrun-209b1257-ac28-49bc-9d88-4ee98ac84189] INFO  o.eclipse.m2e.core.internal.Bundles - 	Entry: C:\Users\selva.balaji\.p2\pool\plugins\org.eclipse.m2e.maven.runtime_3.9.900.20240824-1409\jars\maven-resolver-util-1.9.22.jar
2024-11-25 10:41:26,109 [Worker-11: Launching mavenrun-209b1257-ac28-49bc-9d88-4ee98ac84189] INFO  o.eclipse.m2e.core.internal.Bundles - 	Entry: C:\Users\selva.balaji\.p2\pool\plugins\org.eclipse.m2e.maven.runtime_3.9.900.20240824-1409\jars\maven-settings-3.9.9.jar
2024-11-25 10:41:26,109 [Worker-11: Launching mavenrun-209b1257-ac28-49bc-9d88-4ee98ac84189] INFO  o.eclipse.m2e.core.internal.Bundles - 	Entry: C:\Users\selva.balaji\.p2\pool\plugins\org.eclipse.m2e.maven.runtime_3.9.900.20240824-1409\jars\maven-settings-builder-3.9.9.jar
2024-11-25 10:41:26,110 [Worker-11: Launching mavenrun-209b1257-ac28-49bc-9d88-4ee98ac84189] INFO  o.eclipse.m2e.core.internal.Bundles - 	Entry: C:\Users\selva.balaji\.p2\pool\plugins\org.eclipse.m2e.maven.runtime_3.9.900.20240824-1409\jars\maven-shared-utils-3.4.2.jar
2024-11-25 10:41:26,110 [Worker-11: Launching mavenrun-209b1257-ac28-49bc-9d88-4ee98ac84189] INFO  o.eclipse.m2e.core.internal.Bundles - 	Entry: C:\Users\selva.balaji\.p2\pool\plugins\org.eclipse.m2e.maven.runtime_3.9.900.20240824-1409\jars\org.eclipse.sisu.inject-0.9.0.M3.jar
2024-11-25 10:41:26,110 [Worker-11: Launching mavenrun-209b1257-ac28-49bc-9d88-4ee98ac84189] INFO  o.eclipse.m2e.core.internal.Bundles - 	Entry: C:\Users\selva.balaji\.p2\pool\plugins\org.eclipse.m2e.maven.runtime_3.9.900.20240824-1409\jars\org.eclipse.sisu.plexus-0.9.0.M3.jar
2024-11-25 10:41:26,111 [Worker-11: Launching mavenrun-209b1257-ac28-49bc-9d88-4ee98ac84189] INFO  o.eclipse.m2e.core.internal.Bundles - 	Entry: C:\Users\selva.balaji\.p2\pool\plugins\org.eclipse.m2e.maven.runtime_3.9.900.20240824-1409\jars\plexus-build-api-0.0.7.jar
2024-11-25 10:41:26,111 [Worker-11: Launching mavenrun-209b1257-ac28-49bc-9d88-4ee98ac84189] INFO  o.eclipse.m2e.core.internal.Bundles - 	Entry: C:\Users\selva.balaji\.p2\pool\plugins\org.eclipse.m2e.maven.runtime_3.9.900.20240824-1409\jars\plexus-build-api-1.2.0.jar
2024-11-25 10:41:26,111 [Worker-11: Launching mavenrun-209b1257-ac28-49bc-9d88-4ee98ac84189] INFO  o.eclipse.m2e.core.internal.Bundles - 	Entry: C:\Users\selva.balaji\.p2\pool\plugins\org.eclipse.m2e.maven.runtime_3.9.900.20240824-1409\jars\plexus-cipher-2.0.jar
2024-11-25 10:41:26,111 [Worker-11: Launching mavenrun-209b1257-ac28-49bc-9d88-4ee98ac84189] INFO  o.eclipse.m2e.core.internal.Bundles - 	Entry: C:\Users\selva.balaji\.p2\pool\plugins\org.eclipse.m2e.maven.runtime_3.9.900.20240824-1409\jars\plexus-classworlds-2.8.0.jar
2024-11-25 10:41:26,112 [Worker-11: Launching mavenrun-209b1257-ac28-49bc-9d88-4ee98ac84189] INFO  o.eclipse.m2e.core.internal.Bundles - 	Entry: C:\Users\selva.balaji\.p2\pool\plugins\org.eclipse.m2e.maven.runtime_3.9.900.20240824-1409\jars\plexus-component-annotations-2.1.0.jar
2024-11-25 10:41:26,112 [Worker-11: Launching mavenrun-209b1257-ac28-49bc-9d88-4ee98ac84189] INFO  o.eclipse.m2e.core.internal.Bundles - 	Entry: C:\Users\selva.balaji\.p2\pool\plugins\org.eclipse.m2e.maven.runtime_3.9.900.20240824-1409\jars\plexus-interpolation-1.27.jar
2024-11-25 10:41:26,112 [Worker-11: Launching mavenrun-209b1257-ac28-49bc-9d88-4ee98ac84189] INFO  o.eclipse.m2e.core.internal.Bundles - 	Entry: C:\Users\selva.balaji\.p2\pool\plugins\org.eclipse.m2e.maven.runtime_3.9.900.20240824-1409\jars\plexus-sec-dispatcher-2.0.jar
2024-11-25 10:41:26,113 [Worker-11: Launching mavenrun-209b1257-ac28-49bc-9d88-4ee98ac84189] INFO  o.eclipse.m2e.core.internal.Bundles - 	Entry: C:\Users\selva.balaji\.p2\pool\plugins\org.eclipse.m2e.maven.runtime_3.9.900.20240824-1409\jars\plexus-utils-3.5.1.jar
2024-11-25 10:41:26,113 [Worker-11: Launching mavenrun-209b1257-ac28-49bc-9d88-4ee98ac84189] INFO  o.eclipse.m2e.core.internal.Bundles - 	Entry: C:\Users\selva.balaji\.p2\pool\plugins\org.eclipse.m2e.maven.runtime_3.9.900.20240824-1409\jars\plexus-xml-3.0.1.jar
2024-11-25 10:41:26,113 [Worker-11: Launching mavenrun-209b1257-ac28-49bc-9d88-4ee98ac84189] INFO  o.eclipse.m2e.core.internal.Bundles - 	Entry: C:\Users\selva.balaji\.p2\pool\plugins\org.eclipse.m2e.maven.runtime_3.9.900.20240824-1409\jars\wagon-file-3.5.3.jar
2024-11-25 10:41:26,113 [Worker-11: Launching mavenrun-209b1257-ac28-49bc-9d88-4ee98ac84189] INFO  o.eclipse.m2e.core.internal.Bundles - 	Entry: C:\Users\selva.balaji\.p2\pool\plugins\org.eclipse.m2e.maven.runtime_3.9.900.20240824-1409\jars\wagon-http-3.5.3.jar
2024-11-25 10:41:26,114 [Worker-11: Launching mavenrun-209b1257-ac28-49bc-9d88-4ee98ac84189] INFO  o.eclipse.m2e.core.internal.Bundles - 	Entry: C:\Users\selva.balaji\.p2\pool\plugins\org.eclipse.m2e.maven.runtime_3.9.900.20240824-1409\jars\wagon-http-shared-3.5.3.jar
2024-11-25 10:41:26,114 [Worker-11: Launching mavenrun-209b1257-ac28-49bc-9d88-4ee98ac84189] INFO  o.eclipse.m2e.core.internal.Bundles - 	Entry: C:\Users\selva.balaji\.p2\pool\plugins\org.eclipse.m2e.maven.runtime_3.9.900.20240824-1409\jars\wagon-provider-api-3.5.3.jar
2024-11-25 10:41:26,116 [Worker-11: Launching mavenrun-209b1257-ac28-49bc-9d88-4ee98ac84189] INFO  o.eclipse.m2e.core.internal.Bundles - getClasspathEntries(Bundle=com.google.guava_33.3.0.jre [10])
2024-11-25 10:41:26,117 [Worker-11: Launching mavenrun-209b1257-ac28-49bc-9d88-4ee98ac84189] INFO  o.eclipse.m2e.core.internal.Bundles - 	Entry: C:\Users\selva.balaji\.p2\pool\plugins\com.google.guava_33.3.0.jre.jar
2024-11-25 10:41:26,117 [Worker-11: Launching mavenrun-209b1257-ac28-49bc-9d88-4ee98ac84189] INFO  o.eclipse.m2e.core.internal.Bundles - getClasspathEntries(Bundle=slf4j.api_2.0.16 [519])
2024-11-25 10:41:26,117 [Worker-11: Launching mavenrun-209b1257-ac28-49bc-9d88-4ee98ac84189] INFO  o.eclipse.m2e.core.internal.Bundles - 	Entry: C:\Users\selva.balaji\.p2\pool\plugins\slf4j.api_2.0.16.jar
2024-11-25 10:41:26,117 [Worker-11: Launching mavenrun-209b1257-ac28-49bc-9d88-4ee98ac84189] INFO  o.eclipse.m2e.core.internal.Bundles - getClasspathEntries(Bundle=jakarta.inject.jakarta.inject-api_1.0.5 [22])
2024-11-25 10:41:26,118 [Worker-11: Launching mavenrun-209b1257-ac28-49bc-9d88-4ee98ac84189] INFO  o.eclipse.m2e.core.internal.Bundles - 	Entry: C:\Users\selva.balaji\.p2\pool\plugins\jakarta.inject.jakarta.inject-api_1.0.5.jar
2024-11-25 10:41:26,118 [Worker-11: Launching mavenrun-209b1257-ac28-49bc-9d88-4ee98ac84189] INFO  o.eclipse.m2e.core.internal.Bundles - getClasspathEntries(Bundle=jakarta.annotation-api_1.3.5 [20])
2024-11-25 10:41:26,119 [Worker-11: Launching mavenrun-209b1257-ac28-49bc-9d88-4ee98ac84189] INFO  o.eclipse.m2e.core.internal.Bundles - 	Entry: C:\Users\selva.balaji\.p2\pool\plugins\jakarta.annotation-api_1.3.5.jar
2024-11-25 10:41:26,119 [Worker-11: Launching mavenrun-209b1257-ac28-49bc-9d88-4ee98ac84189] INFO  o.eclipse.m2e.core.internal.Bundles - getClasspathEntries(Bundle=org.apache.commons.cli_1.9.0 [47])
2024-11-25 10:41:26,119 [Worker-11: Launching mavenrun-209b1257-ac28-49bc-9d88-4ee98ac84189] INFO  o.eclipse.m2e.core.internal.Bundles - 	Entry: C:\Users\selva.balaji\.p2\pool\plugins\org.apache.commons.cli_1.9.0.jar
2024-11-25 10:41:26,119 [Worker-11: Launching mavenrun-209b1257-ac28-49bc-9d88-4ee98ac84189] INFO  o.eclipse.m2e.core.internal.Bundles - getClasspathEntries(Bundle=org.apache.commons.commons-codec_1.16.0 [50])
2024-11-25 10:41:26,120 [Worker-11: Launching mavenrun-209b1257-ac28-49bc-9d88-4ee98ac84189] INFO  o.eclipse.m2e.core.internal.Bundles - 	Entry: C:\Users\selva.balaji\.p2\pool\plugins\org.apache.commons.commons-codec_1.16.0.jar
2024-11-25 10:41:26,120 [Worker-11: Launching mavenrun-209b1257-ac28-49bc-9d88-4ee98ac84189] INFO  o.eclipse.m2e.core.internal.Bundles - getClasspathEntries(Bundle=com.google.guava.failureaccess_1.0.2 [11])
2024-11-25 10:41:26,121 [Worker-11: Launching mavenrun-209b1257-ac28-49bc-9d88-4ee98ac84189] INFO  o.eclipse.m2e.core.internal.Bundles - 	Entry: C:\Users\selva.balaji\.p2\pool\plugins\com.google.guava.failureaccess_1.0.2.jar
2024-11-25 10:41:26,140 [Worker-11: Launching mavenrun-209b1257-ac28-49bc-9d88-4ee98ac84189] INFO  o.e.m.i.launch.MavenLaunchDelegate - Run build in "C:\Users\SELVA~1.BAL\AppData\Local\Temp\m2e-archetypeGenerator469256532528396963":
2024-11-25 10:41:26,240 [Worker-11: Launching mavenrun-209b1257-ac28-49bc-9d88-4ee98ac84189] INFO  o.e.m.i.launch.MavenLaunchDelegate -  mvn  -DarchetypeGroupId=org.apache.maven.archetypes -DarchetypeArtifactId=maven-archetype-quickstart -DarchetypeVersion=1.1 -DgroupId=QuizAppTestCase -DartifactId=QuizAppTestCase -Dversion=0.0.1-SNAPSHOT -Dpackage=com.UnitTestCase -DoutputDirectory=C:\Users\selva.balaji\Desktop\Junit-eclipse -Dstyle.color=always -U archetype:generate
2024-11-25 10:41:57,008 [Worker-12: Creating maven-archetype-quickstart] INFO  o.e.m.c.i.p.ProjectConfigurationManager - Collecting project info '/pom.xml' C:\Users\selva.balaji\Desktop\Junit-eclipse\QuizAppTestCase\pom.xml
2024-11-25 10:42:00,779 [Worker-12: Creating maven-archetype-quickstart] INFO  o.e.m.c.i.l.LifecycleMappingFactory - Using org.eclipse.m2e.jdt.JarLifecycleMapping lifecycle mapping for MavenProject: QuizAppTestCase:QuizAppTestCase:0.0.1-SNAPSHOT @ C:\Users\selva.balaji\Desktop\Junit-eclipse\QuizAppTestCase\pom.xml.
2024-11-25 10:42:03,410 [Worker-12: Creating maven-archetype-quickstart] INFO  o.e.m.j.i.AbstractJavaProjectConfigurator - Adding source folder /QuizAppTestCase/src/main/java
2024-11-25 10:42:03,412 [Worker-12: Creating maven-archetype-quickstart] INFO  o.e.m.j.i.AbstractJavaProjectConfigurator - Adding resource folder /QuizAppTestCase/src/main/resources
2024-11-25 10:42:03,434 [Worker-12: Creating maven-archetype-quickstart] INFO  o.e.m.j.i.AbstractJavaProjectConfigurator - Adding source folder /QuizAppTestCase/src/test/java
2024-11-25 10:42:03,436 [Worker-12: Creating maven-archetype-quickstart] INFO  o.e.m.j.i.AbstractJavaProjectConfigurator - Adding resource folder /QuizAppTestCase/src/test/resources
2024-11-25 10:42:03,955 [Worker-12: Creating maven-archetype-quickstart] INFO  o.e.m.c.i.p.ProjectConfigurationManager - Imported and configured 1 project(s) in 6 sec
2024-11-25 10:42:05,867 [Worker-3: Building] INFO  o.a.m.s.f.DefaultMavenResourcesFiltering - skip non existing resourceDirectory C:\Users\selva.balaji\Desktop\Junit-eclipse\QuizAppTestCase\src\main\resources
2024-11-25 10:42:05,872 [Worker-3: Building] INFO  o.a.m.s.f.DefaultMavenResourcesFiltering - skip non existing resourceDirectory C:\Users\selva.balaji\Desktop\Junit-eclipse\QuizAppTestCase\src\test\resources
2024-11-25 10:49:49,801 [Worker-14: Building] INFO  o.a.m.s.f.DefaultMavenResourcesFiltering - skip non existing resourceDirectory C:\Users\selva.balaji\Desktop\Junit-eclipse\QuizAppTestCase\src\main\resources
2024-11-25 10:49:49,804 [Worker-14: Building] INFO  o.a.m.s.f.DefaultMavenResourcesFiltering - skip non existing resourceDirectory C:\Users\selva.balaji\Desktop\Junit-eclipse\QuizAppTestCase\src\test\resources
2024-11-25 11:01:46,511 [Worker-15: Building] INFO  o.e.m.c.i.l.LifecycleMappingFactory - Using org.eclipse.m2e.jdt.JarLifecycleMapping lifecycle mapping for MavenProject: QuizAppTestCase:QuizAppTestCase:0.0.1-SNAPSHOT @ C:\Users\selva.balaji\Desktop\Junit-eclipse\QuizAppTestCase\pom.xml.
2024-11-25 11:01:47,072 [Worker-15: Building] INFO  o.e.m.c.i.e.AbstractTransferListenerAdapter - Downloading https://repo.maven.apache.org/maven2/org/junit/jupiter/junit-jupiter-engine/5.10.2/junit-jupiter-engine-5.10.2.pom
2024-11-25 11:01:47,135 [Worker-15: Building] INFO  o.e.m.c.i.e.AbstractTransferListenerAdapter - Downloaded https://repo.maven.apache.org/maven2/org/junit/jupiter/junit-jupiter-engine/5.10.2/junit-jupiter-engine-5.10.2.pom
2024-11-25 11:01:47,190 [Worker-15: Building] INFO  o.e.m.c.i.e.AbstractTransferListenerAdapter - Downloading https://repo.maven.apache.org/maven2/org/junit/platform/junit-platform-engine/1.10.2/junit-platform-engine-1.10.2.pom
2024-11-25 11:01:47,221 [Worker-15: Building] INFO  o.e.m.c.i.e.AbstractTransferListenerAdapter - Downloaded https://repo.maven.apache.org/maven2/org/junit/platform/junit-platform-engine/1.10.2/junit-platform-engine-1.10.2.pom
2024-11-25 11:01:47,276 [Worker-15: Building] INFO  o.e.m.c.i.e.AbstractTransferListenerAdapter - Downloading https://repo.maven.apache.org/maven2/org/opentest4j/opentest4j/1.3.0/opentest4j-1.3.0.pom
2024-11-25 11:01:47,309 [Worker-15: Building] INFO  o.e.m.c.i.e.AbstractTransferListenerAdapter - Downloaded https://repo.maven.apache.org/maven2/org/opentest4j/opentest4j/1.3.0/opentest4j-1.3.0.pom
2024-11-25 11:01:48,350 [Worker-15: Building] INFO  o.e.m.c.i.e.AbstractTransferListenerAdapter - Downloading https://repo.maven.apache.org/maven2/org/junit/platform/junit-platform-commons/1.10.2/junit-platform-commons-1.10.2.pom
2024-11-25 11:01:48,378 [Worker-15: Building] INFO  o.e.m.c.i.e.AbstractTransferListenerAdapter - Downloaded https://repo.maven.apache.org/maven2/org/junit/platform/junit-platform-commons/1.10.2/junit-platform-commons-1.10.2.pom
2024-11-25 11:01:48,437 [Worker-15: Building] INFO  o.e.m.c.i.e.AbstractTransferListenerAdapter - Downloading https://repo.maven.apache.org/maven2/org/apiguardian/apiguardian-api/1.1.2/apiguardian-api-1.1.2.pom
2024-11-25 11:01:48,469 [Worker-15: Building] INFO  o.e.m.c.i.e.AbstractTransferListenerAdapter - Downloaded https://repo.maven.apache.org/maven2/org/apiguardian/apiguardian-api/1.1.2/apiguardian-api-1.1.2.pom
2024-11-25 11:01:48,529 [Worker-15: Building] INFO  o.e.m.c.i.e.AbstractTransferListenerAdapter - Downloading https://repo.maven.apache.org/maven2/org/junit/jupiter/junit-jupiter-api/5.10.2/junit-jupiter-api-5.10.2.pom
2024-11-25 11:01:48,553 [Worker-15: Building] INFO  o.e.m.c.i.e.AbstractTransferListenerAdapter - Downloaded https://repo.maven.apache.org/maven2/org/junit/jupiter/junit-jupiter-api/5.10.2/junit-jupiter-api-5.10.2.pom
2024-11-25 11:01:48,626 [Worker-15: Building] INFO  o.e.m.c.i.e.AbstractTransferListenerAdapter - Downloading https://repo.maven.apache.org/maven2/org/junit/jupiter/junit-jupiter-engine/5.10.2/junit-jupiter-engine-5.10.2.jar
2024-11-25 11:01:48,839 [Worker-15: Building] INFO  o.e.m.c.i.e.AbstractTransferListenerAdapter - Downloaded https://repo.maven.apache.org/maven2/org/junit/jupiter/junit-jupiter-engine/5.10.2/junit-jupiter-engine-5.10.2.jar
2024-11-25 11:01:48,878 [BasicRepositoryConnector-repo.maven.apache.org-0-1] INFO  o.e.m.c.i.e.AbstractTransferListenerAdapter - Downloading https://repo.maven.apache.org/maven2/org/opentest4j/opentest4j/1.3.0/opentest4j-1.3.0.jar
2024-11-25 11:01:48,942 [BasicRepositoryConnector-repo.maven.apache.org-0-4] INFO  o.e.m.c.i.e.AbstractTransferListenerAdapter - Downloading https://repo.maven.apache.org/maven2/org/apiguardian/apiguardian-api/1.1.2/apiguardian-api-1.1.2.jar
2024-11-25 11:01:48,953 [BasicRepositoryConnector-repo.maven.apache.org-0-2] INFO  o.e.m.c.i.e.AbstractTransferListenerAdapter - Downloading https://repo.maven.apache.org/maven2/org/junit/platform/junit-platform-commons/1.10.2/junit-platform-commons-1.10.2.jar
2024-11-25 11:01:48,977 [BasicRepositoryConnector-repo.maven.apache.org-0-3] INFO  o.e.m.c.i.e.AbstractTransferListenerAdapter - Downloading https://repo.maven.apache.org/maven2/org/junit/jupiter/junit-jupiter-api/5.10.2/junit-jupiter-api-5.10.2.jar
2024-11-25 11:01:48,985 [BasicRepositoryConnector-repo.maven.apache.org-0-0] INFO  o.e.m.c.i.e.AbstractTransferListenerAdapter - Downloading https://repo.maven.apache.org/maven2/org/junit/platform/junit-platform-engine/1.10.2/junit-platform-engine-1.10.2.jar
2024-11-25 11:01:48,993 [BasicRepositoryConnector-repo.maven.apache.org-0-4] INFO  o.e.m.c.i.e.AbstractTransferListenerAdapter - Downloaded https://repo.maven.apache.org/maven2/org/apiguardian/apiguardian-api/1.1.2/apiguardian-api-1.1.2.jar
2024-11-25 11:01:49,067 [BasicRepositoryConnector-repo.maven.apache.org-0-2] INFO  o.e.m.c.i.e.AbstractTransferListenerAdapter - Downloaded https://repo.maven.apache.org/maven2/org/junit/platform/junit-platform-commons/1.10.2/junit-platform-commons-1.10.2.jar
2024-11-25 11:01:49,152 [BasicRepositoryConnector-repo.maven.apache.org-0-1] INFO  o.e.m.c.i.e.AbstractTransferListenerAdapter - Downloaded https://repo.maven.apache.org/maven2/org/opentest4j/opentest4j/1.3.0/opentest4j-1.3.0.jar
2024-11-25 11:01:49,189 [BasicRepositoryConnector-repo.maven.apache.org-0-3] INFO  o.e.m.c.i.e.AbstractTransferListenerAdapter - Downloaded https://repo.maven.apache.org/maven2/org/junit/jupiter/junit-jupiter-api/5.10.2/junit-jupiter-api-5.10.2.jar
2024-11-25 11:01:49,193 [BasicRepositoryConnector-repo.maven.apache.org-0-0] INFO  o.e.m.c.i.e.AbstractTransferListenerAdapter - Downloaded https://repo.maven.apache.org/maven2/org/junit/platform/junit-platform-engine/1.10.2/junit-platform-engine-1.10.2.jar
2024-11-25 11:01:50,482 [Worker-10: Download sources and javadoc] INFO  o.e.m.c.i.e.AbstractTransferListenerAdapter - Downloading https://repo.maven.apache.org/maven2/org/junit/jupiter/junit-jupiter-engine/5.10.2/junit-jupiter-engine-5.10.2-sources.jar
2024-11-25 11:01:51,395 [Worker-15: Building] INFO  o.a.m.s.f.DefaultMavenResourcesFiltering - skip non existing resourceDirectory C:\Users\selva.balaji\Desktop\Junit-eclipse\QuizAppTestCase\src\main\resources
2024-11-25 11:01:51,402 [Worker-15: Building] INFO  o.a.m.s.f.DefaultMavenResourcesFiltering - skip non existing resourceDirectory C:\Users\selva.balaji\Desktop\Junit-eclipse\QuizAppTestCase\src\test\resources
2024-11-25 11:01:51,525 [Worker-10: Download sources and javadoc] INFO  o.e.m.c.i.e.AbstractTransferListenerAdapter - Downloaded https://repo.maven.apache.org/maven2/org/junit/jupiter/junit-jupiter-engine/5.10.2/junit-jupiter-engine-5.10.2-sources.jar
2024-11-25 11:01:51,543 [Worker-10: Download sources and javadoc] INFO  o.e.m.j.internal.DownloadSourcesJob - Downloaded sources for org.junit.jupiter:junit-jupiter-engine:5.10.2
2024-11-25 11:01:51,730 [Worker-10: Download sources and javadoc] INFO  o.e.m.c.i.e.AbstractTransferListenerAdapter - Downloading https://repo.maven.apache.org/maven2/org/junit/platform/junit-platform-engine/1.10.2/junit-platform-engine-1.10.2-sources.jar
2024-11-25 11:01:52,163 [Worker-10: Download sources and javadoc] INFO  o.e.m.c.i.e.AbstractTransferListenerAdapter - Downloaded https://repo.maven.apache.org/maven2/org/junit/platform/junit-platform-engine/1.10.2/junit-platform-engine-1.10.2-sources.jar
2024-11-25 11:01:52,185 [Worker-10: Download sources and javadoc] INFO  o.e.m.j.internal.DownloadSourcesJob - Downloaded sources for org.junit.platform:junit-platform-engine:1.10.2
2024-11-25 11:01:52,278 [Worker-10: Download sources and javadoc] INFO  o.e.m.c.i.e.AbstractTransferListenerAdapter - Downloading https://repo.maven.apache.org/maven2/org/opentest4j/opentest4j/1.3.0/opentest4j-1.3.0-sources.jar
2024-11-25 11:01:52,387 [Worker-10: Download sources and javadoc] INFO  o.e.m.c.i.e.AbstractTransferListenerAdapter - Downloaded https://repo.maven.apache.org/maven2/org/opentest4j/opentest4j/1.3.0/opentest4j-1.3.0-sources.jar
2024-11-25 11:01:52,408 [Worker-10: Download sources and javadoc] INFO  o.e.m.j.internal.DownloadSourcesJob - Downloaded sources for org.opentest4j:opentest4j:1.3.0
2024-11-25 11:01:52,509 [Worker-10: Download sources and javadoc] INFO  o.e.m.c.i.e.AbstractTransferListenerAdapter - Downloading https://repo.maven.apache.org/maven2/org/junit/platform/junit-platform-commons/1.10.2/junit-platform-commons-1.10.2-sources.jar
2024-11-25 11:01:52,631 [Worker-10: Download sources and javadoc] INFO  o.e.m.c.i.e.AbstractTransferListenerAdapter - Downloaded https://repo.maven.apache.org/maven2/org/junit/platform/junit-platform-commons/1.10.2/junit-platform-commons-1.10.2-sources.jar
2024-11-25 11:01:52,647 [Worker-10: Download sources and javadoc] INFO  o.e.m.j.internal.DownloadSourcesJob - Downloaded sources for org.junit.platform:junit-platform-commons:1.10.2
2024-11-25 11:01:52,777 [Worker-10: Download sources and javadoc] INFO  o.e.m.c.i.e.AbstractTransferListenerAdapter - Downloading https://repo.maven.apache.org/maven2/org/junit/jupiter/junit-jupiter-api/5.10.2/junit-jupiter-api-5.10.2-sources.jar
2024-11-25 11:01:52,970 [Worker-10: Download sources and javadoc] INFO  o.e.m.c.i.e.AbstractTransferListenerAdapter - Downloaded https://repo.maven.apache.org/maven2/org/junit/jupiter/junit-jupiter-api/5.10.2/junit-jupiter-api-5.10.2-sources.jar
2024-11-25 11:01:53,021 [Worker-10: Download sources and javadoc] INFO  o.e.m.j.internal.DownloadSourcesJob - Downloaded sources for org.junit.jupiter:junit-jupiter-api:5.10.2
2024-11-25 11:01:53,120 [Worker-10: Download sources and javadoc] INFO  o.e.m.c.i.e.AbstractTransferListenerAdapter - Downloading https://repo.maven.apache.org/maven2/org/apiguardian/apiguardian-api/1.1.2/apiguardian-api-1.1.2-sources.jar
2024-11-25 11:01:53,170 [Worker-10: Download sources and javadoc] INFO  o.e.m.c.i.e.AbstractTransferListenerAdapter - Downloaded https://repo.maven.apache.org/maven2/org/apiguardian/apiguardian-api/1.1.2/apiguardian-api-1.1.2-sources.jar
2024-11-25 11:01:53,185 [Worker-10: Download sources and javadoc] INFO  o.e.m.j.internal.DownloadSourcesJob - Downloaded sources for org.apiguardian:apiguardian-api:1.1.2
2024-11-25 11:01:55,953 [Worker-17: Building] INFO  o.a.m.s.f.DefaultMavenResourcesFiltering - skip non existing resourceDirectory C:\Users\selva.balaji\Desktop\Junit-eclipse\QuizAppTestCase\src\main\resources
2024-11-25 11:01:55,957 [Worker-17: Building] INFO  o.a.m.s.f.DefaultMavenResourcesFiltering - skip non existing resourceDirectory C:\Users\selva.balaji\Desktop\Junit-eclipse\QuizAppTestCase\src\test\resources
2024-11-25 11:05:58,042 [Worker-17: Building] INFO  o.a.m.s.f.DefaultMavenResourcesFiltering - skip non existing resourceDirectory C:\Users\selva.balaji\Desktop\Junit-eclipse\QuizAppTestCase\src\main\resources
2024-11-25 11:05:58,045 [Worker-17: Building] INFO  o.a.m.s.f.DefaultMavenResourcesFiltering - skip non existing resourceDirectory C:\Users\selva.balaji\Desktop\Junit-eclipse\QuizAppTestCase\src\test\resources
2024-11-25 11:07:38,604 [Worker-15: Building] INFO  o.a.m.s.f.DefaultMavenResourcesFiltering - skip non existing resourceDirectory C:\Users\selva.balaji\Desktop\Junit-eclipse\QuizAppTestCase\src\main\resources
2024-11-25 11:07:38,607 [Worker-15: Building] INFO  o.a.m.s.f.DefaultMavenResourcesFiltering - skip non existing resourceDirectory C:\Users\selva.balaji\Desktop\Junit-eclipse\QuizAppTestCase\src\test\resources
2024-11-25 11:08:11,075 [Worker-17: Building] INFO  o.a.m.s.f.DefaultMavenResourcesFiltering - skip non existing resourceDirectory C:\Users\selva.balaji\Desktop\Junit-eclipse\QuizAppTestCase\src\main\resources
2024-11-25 11:08:11,077 [Worker-17: Building] INFO  o.a.m.s.f.DefaultMavenResourcesFiltering - skip non existing resourceDirectory C:\Users\selva.balaji\Desktop\Junit-eclipse\QuizAppTestCase\src\test\resources
2024-11-25 11:08:35,511 [Worker-15: Building] INFO  o.a.m.s.f.DefaultMavenResourcesFiltering - skip non existing resourceDirectory C:\Users\selva.balaji\Desktop\Junit-eclipse\QuizAppTestCase\src\main\resources
2024-11-25 11:08:35,514 [Worker-15: Building] INFO  o.a.m.s.f.DefaultMavenResourcesFiltering - skip non existing resourceDirectory C:\Users\selva.balaji\Desktop\Junit-eclipse\QuizAppTestCase\src\test\resources
2024-11-25 11:15:27,767 [Worker-16: Building] INFO  o.a.m.s.f.DefaultMavenResourcesFiltering - skip non existing resourceDirectory C:\Users\selva.balaji\Desktop\Junit-eclipse\QuizAppTestCase\src\main\resources
2024-11-25 11:15:27,769 [Worker-16: Building] INFO  o.a.m.s.f.DefaultMavenResourcesFiltering - skip non existing resourceDirectory C:\Users\selva.balaji\Desktop\Junit-eclipse\QuizAppTestCase\src\test\resources
2024-11-25 11:17:48,064 [Worker-15: Building] INFO  o.a.m.s.f.DefaultMavenResourcesFiltering - skip non existing resourceDirectory C:\Users\selva.balaji\Desktop\Junit-eclipse\QuizAppTestCase\src\main\resources
2024-11-25 11:17:48,066 [Worker-15: Building] INFO  o.a.m.s.f.DefaultMavenResourcesFiltering - skip non existing resourceDirectory C:\Users\selva.balaji\Desktop\Junit-eclipse\QuizAppTestCase\src\test\resources
2024-11-25 11:19:15,507 [main] INFO  o.e.m.jdt.internal.UnitTestSupport - Updating StudentRegistrationServiceTest from maven configuration
2024-11-25 11:19:23,354 [Worker-10: Launching StudentRegistrationServiceTest] INFO  o.a.m.s.f.DefaultMavenResourcesFiltering - skip non existing resourceDirectory C:\Users\selva.balaji\Desktop\Junit-eclipse\QuizAppTestCase\src\main\resources
2024-11-25 11:19:23,356 [Worker-10: Launching StudentRegistrationServiceTest] INFO  o.a.m.s.f.DefaultMavenResourcesFiltering - skip non existing resourceDirectory C:\Users\selva.balaji\Desktop\Junit-eclipse\QuizAppTestCase\src\test\resources
2024-11-25 11:19:24,742 [Worker-10: Launching StudentRegistrationServiceTest] INFO  o.e.m.c.i.e.AbstractTransferListenerAdapter - Downloading https://repo.maven.apache.org/maven2/org/junit/platform/junit-platform-launcher/1.10.2/junit-platform-launcher-1.10.2.jar
2024-11-25 11:19:24,917 [Worker-10: Launching StudentRegistrationServiceTest] INFO  o.e.m.c.i.e.AbstractTransferListenerAdapter - Downloaded https://repo.maven.apache.org/maven2/org/junit/platform/junit-platform-launcher/1.10.2/junit-platform-launcher-1.10.2.jar
2024-11-25 11:21:10,596 [Worker-16: Building] INFO  o.a.m.s.f.DefaultMavenResourcesFiltering - skip non existing resourceDirectory C:\Users\selva.balaji\Desktop\Junit-eclipse\QuizAppTestCase\src\main\resources
2024-11-25 11:21:10,601 [Worker-16: Building] INFO  o.a.m.s.f.DefaultMavenResourcesFiltering - skip non existing resourceDirectory C:\Users\selva.balaji\Desktop\Junit-eclipse\QuizAppTestCase\src\test\resources
2024-11-25 11:22:56,044 [Worker-18: Building] INFO  o.a.m.s.f.DefaultMavenResourcesFiltering - skip non existing resourceDirectory C:\Users\selva.balaji\Desktop\Junit-eclipse\QuizAppTestCase\src\main\resources
2024-11-25 11:22:56,046 [Worker-18: Building] INFO  o.a.m.s.f.DefaultMavenResourcesFiltering - skip non existing resourceDirectory C:\Users\selva.balaji\Desktop\Junit-eclipse\QuizAppTestCase\src\test\resources
2024-11-25 11:26:03,394 [Worker-19: Building] INFO  o.a.m.s.f.DefaultMavenResourcesFiltering - skip non existing resourceDirectory C:\Users\selva.balaji\Desktop\Junit-eclipse\QuizAppTestCase\src\main\resources
2024-11-25 11:26:03,397 [Worker-19: Building] INFO  o.a.m.s.f.DefaultMavenResourcesFiltering - skip non existing resourceDirectory C:\Users\selva.balaji\Desktop\Junit-eclipse\QuizAppTestCase\src\test\resources
2024-11-25 11:26:36,200 [Worker-19: Building] INFO  o.a.m.s.f.DefaultMavenResourcesFiltering - skip non existing resourceDirectory C:\Users\selva.balaji\Desktop\Junit-eclipse\QuizAppTestCase\src\main\resources
2024-11-25 11:26:36,202 [Worker-19: Building] INFO  o.a.m.s.f.DefaultMavenResourcesFiltering - skip non existing resourceDirectory C:\Users\selva.balaji\Desktop\Junit-eclipse\QuizAppTestCase\src\test\resources
2024-11-25 11:28:33,379 [main] INFO  o.e.m.jdt.internal.UnitTestSupport - Updating LoginServiceTest from maven configuration
2024-11-25 11:28:37,689 [Worker-20: Launching LoginServiceTest] INFO  o.a.m.s.f.DefaultMavenResourcesFiltering - skip non existing resourceDirectory C:\Users\selva.balaji\Desktop\Junit-eclipse\QuizAppTestCase\src\main\resources
2024-11-25 11:28:37,691 [Worker-20: Launching LoginServiceTest] INFO  o.a.m.s.f.DefaultMavenResourcesFiltering - skip non existing resourceDirectory C:\Users\selva.balaji\Desktop\Junit-eclipse\QuizAppTestCase\src\test\resources
2024-11-25 11:29:57,698 [Worker-15: Building] INFO  o.a.m.s.f.DefaultMavenResourcesFiltering - skip non existing resourceDirectory C:\Users\selva.balaji\Desktop\Junit-eclipse\QuizAppTestCase\src\main\resources
2024-11-25 11:29:57,701 [Worker-15: Building] INFO  o.a.m.s.f.DefaultMavenResourcesFiltering - skip non existing resourceDirectory C:\Users\selva.balaji\Desktop\Junit-eclipse\QuizAppTestCase\src\test\resources
2024-11-25 12:07:20,289 [Worker-23: Building] INFO  o.a.m.s.f.DefaultMavenResourcesFiltering - skip non existing resourceDirectory C:\Users\selva.balaji\Desktop\Junit-eclipse\QuizAppTestCase\src\main\resources
2024-11-25 12:07:20,294 [Worker-23: Building] INFO  o.a.m.s.f.DefaultMavenResourcesFiltering - skip non existing resourceDirectory C:\Users\selva.balaji\Desktop\Junit-eclipse\QuizAppTestCase\src\test\resources
2024-11-25 12:07:31,230 [Worker-25: Building] INFO  o.a.m.s.f.DefaultMavenResourcesFiltering - skip non existing resourceDirectory C:\Users\selva.balaji\Desktop\Junit-eclipse\QuizAppTestCase\src\main\resources
2024-11-25 12:07:31,233 [Worker-25: Building] INFO  o.a.m.s.f.DefaultMavenResourcesFiltering - skip non existing resourceDirectory C:\Users\selva.balaji\Desktop\Junit-eclipse\QuizAppTestCase\src\test\resources
2024-11-25 12:09:15,653 [main] INFO  o.e.m.jdt.internal.UnitTestSupport - Updating BankAccountTest from maven configuration
2024-11-25 12:09:22,819 [Worker-23: Launching BankAccountTest] INFO  o.a.m.s.f.DefaultMavenResourcesFiltering - skip non existing resourceDirectory C:\Users\selva.balaji\Desktop\Junit-eclipse\QuizAppTestCase\src\main\resources
2024-11-25 12:09:22,823 [Worker-23: Launching BankAccountTest] INFO  o.a.m.s.f.DefaultMavenResourcesFiltering - skip non existing resourceDirectory C:\Users\selva.balaji\Desktop\Junit-eclipse\QuizAppTestCase\src\test\resources
2024-11-25 12:11:31,669 [Worker-27: Building] INFO  o.a.m.s.f.DefaultMavenResourcesFiltering - skip non existing resourceDirectory C:\Users\selva.balaji\Desktop\Junit-eclipse\QuizAppTestCase\src\main\resources
2024-11-25 12:11:31,671 [Worker-27: Building] INFO  o.a.m.s.f.DefaultMavenResourcesFiltering - skip non existing resourceDirectory C:\Users\selva.balaji\Desktop\Junit-eclipse\QuizAppTestCase\src\test\resources
2024-11-25 12:24:47,148 [Worker-25: Building] INFO  o.a.m.s.f.DefaultMavenResourcesFiltering - skip non existing resourceDirectory C:\Users\selva.balaji\Desktop\Junit-eclipse\QuizAppTestCase\src\main\resources
2024-11-25 12:24:47,151 [Worker-25: Building] INFO  o.a.m.s.f.DefaultMavenResourcesFiltering - skip non existing resourceDirectory C:\Users\selva.balaji\Desktop\Junit-eclipse\QuizAppTestCase\src\test\resources
2024-11-25 12:25:21,812 [Worker-22: Building] INFO  o.a.m.s.f.DefaultMavenResourcesFiltering - skip non existing resourceDirectory C:\Users\selva.balaji\Desktop\Junit-eclipse\QuizAppTestCase\src\main\resources
2024-11-25 12:25:21,815 [Worker-22: Building] INFO  o.a.m.s.f.DefaultMavenResourcesFiltering - skip non existing resourceDirectory C:\Users\selva.balaji\Desktop\Junit-eclipse\QuizAppTestCase\src\test\resources
2024-11-25 12:25:36,343 [Worker-25: Building] INFO  o.a.m.s.f.DefaultMavenResourcesFiltering - skip non existing resourceDirectory C:\Users\selva.balaji\Desktop\Junit-eclipse\QuizAppTestCase\src\main\resources
2024-11-25 12:25:36,345 [Worker-25: Building] INFO  o.a.m.s.f.DefaultMavenResourcesFiltering - skip non existing resourceDirectory C:\Users\selva.balaji\Desktop\Junit-eclipse\QuizAppTestCase\src\test\resources
2024-11-25 17:01:14,125 [Worker-36: Building] INFO  o.a.m.s.f.DefaultMavenResourcesFiltering - skip non existing resourceDirectory C:\Users\selva.balaji\Desktop\Junit-eclipse\QuizAppTestCase\src\main\resources
2024-11-25 17:01:14,392 [Worker-36: Building] INFO  o.a.m.s.f.DefaultMavenResourcesFiltering - skip non existing resourceDirectory C:\Users\selva.balaji\Desktop\Junit-eclipse\QuizAppTestCase\src\test\resources
2024-11-25 17:01:21,005 [Worker-38: Building] INFO  o.a.m.s.f.DefaultMavenResourcesFiltering - skip non existing resourceDirectory C:\Users\selva.balaji\Desktop\Junit-eclipse\QuizAppTestCase\src\main\resources
2024-11-25 17:01:21,065 [Worker-38: Building] INFO  o.a.m.s.f.DefaultMavenResourcesFiltering - skip non existing resourceDirectory C:\Users\selva.balaji\Desktop\Junit-eclipse\QuizAppTestCase\src\test\resources
